19194139
19146309
18728507
18351858
18255241
18255241
18121862
18052786
17945002
17945002
17945002
17328626
17311732
16981154
16694979
16668602
16548745
16249226
15906995
15535228
15477410
15085246
15085246
15033454
15033454
14772306
14772306
14710277
14569733
14546296
14320260
14320260
13764029
13746612
15841960
18196995
18196995
14425224
14425224
13746612
13746612
13467074
13448252
13155528
13155528
13037190
12317141
11904843
11904843
12237568
12237568
11904843
11860698
11860698
11808826
11781019
11241221
10952048
10896062
10896062
10885554
11381100
10885554
10554629
10325985
9669101
9146325
9011349
9011349
8899247
10580860
10580860
10580860
8899247
8892393
8821800
8809868
8809868
8753455
8570605
8570605
8570605
8570605
8557397
8557397
8557397
8451911
8204485
13132743
13132743
7557806
7319102
7319102
6864445
6704151
6680990
6437619
6202713
6116226
6116226
6108098
6108098
5790823
7037714
8782884
8780915
8780915
5790823
5676864
5676864
5543238
5134592
4736097
4736097
4736097
4717446
4884956
4699087
4394379
4394379
4199026
4199026
4199026
4187060
4187060
4187060
4135593
4135593
4135593
4135593
4135523
4131455
4094346
4094346
4094346
4094346
3761126
3761126
3761126
12121545
11132053
11132053
3512266
3091365
2947140
2947140
2908141
2902419
2902335
2899771
2894688
2772913
2772913
2754254
2754254
2746759
2728500
2434175
2214819
5787473
5784846
5784846
5748703
5748703
5748703
2031394
1992189
1975786
1973206
1972482
1971284
1970332
9946942
1970332
1963339
4670425
4670425
4669185
3720458
1952454
3399600
3386920
3374109
3369983
3368661
3390232
3357931
3357931
3357931
3357931
1951275
1951275
1950639
1939226
1937229
1937229
1937229
1941289
1941289
1935958
1935958
6422441
6408833
6408833
6408833
6408833
1934126
10779681
10779681
1933434
4187566
1933434
1932174
1922837
1920198
1920198
1919971
1917865
1917865
1917715
1917269
1917269
1915339
1913562
1909461
1909461
1906263
1906263
1906184
1906184
1906184
1904686
1913125
1905681
1903042
1903042
1902922
1902760
1918150
1900120
1900120
1898130
1895978
1895336
1891224
1891224
1889614
1889371
1889371
1888621
1887048
2852896
2836215
1886726
1885696
1882235
1881350
10580682
10580682
10579510
10579510
1883863
10475940
10475940
3379353
3377563
3373877
3373877
1877855
1877297
1876187
1876187
1913258
1910246
3220697
1876187
1874888
1874119
1873985
1873315
1869986
1869986
1868686
1868686
1864075
1863055
1859077
1859077
1859077
1855919
1855192
1855192
1928245
1855192
1854037
1853400
1852419
1852278
1851839
1850307
1848490
1848490
1848490
1848490
1845585
1844350
1839343
6942253
9402318
6942253
15285219
15285219
15285219
6928327
6920011
6912631
6912631
1839343
1837256
10287283
10283024
7244633
1836871
1836871
1834813
8477593
8463907
1831547
1830229
1827894
1824908
1824300
1823060
1822744
1865590
1865590
1821096
1820927
1820358
6588388
1820218
1819897
1819897
1819884
1819884
1819884
1815215
1814617
1804968
1802561
1802561
1801163
1799448
1799448
1798773
1798773
1797382
1797069
1819970
1819970
1819970
1819519
1815978
1810948
1797061
1899719
1893877
1887368
1870919
1795736
1788135
1788135
1786491
1786491
1786491
1785962
1782691
1779407
1779407
1777417
1832070
1830138
1827555
1827555
1774715
1774127
1772274
1772274
1772274
1770775
1818961
3315245
3315245
3315245
3389012
1892221
1818961
3294626
3284182
1803746
1803746
7501056
7501056
7501056
7501056
1826494
1826494
9366133
9354871
9354871
9354871
1767078
1766740
1764452
1764452
1764035
1764035
1816128
1816128
1764035
1772354
1868057
1868057
1860928
1860928
1859961
1772354
1772354
1760566
1758466
1758466
1758466
1758466
1754588
1754588
1754013
1754013
1752814
1752814
1752025
1750671
1750671
1750072
1750072
1748955
1743066
1743066
1805802
1743066
9955763
9951719
9955612
9947505
1743066
1739666
1738494
1738376
1736156
1733003
1731132
1731132
1729741
1729741
1727217
1725434
1722821
1721209
10619392
10619392
10619097
1713939
1713939
1713224
9943293
9939677
1712899
1707727
1707662
1707662
1707662
1754702
8367177
8367177
8366889
8366889
8366889
8366889
1789661
1930882
1846626
1704787
1704787
1798149
1798149
1789143
1789143
1781961
10508867
10392305
10392305
10392305
10392305
10391257
10391257
10446228
1830493
1830493
2740177
2696722
1807855
1823198
1726415
1715074
9385452
1704787
1702718
1829143
1778681
1778681
1726026
1726026
1726026
6760890
6760890
6760890
6760890
6775097
6760845
2892089
2871967
2858005
2858005
2857308
1848099
1726026
1702718
1693392
1691032
1691032
1686780
1799839
2068426
2060054
1799839
1799839
1686340
1675606
3145335
1671873
1671472
1671472
1670818
1669130
1721635
1666361
1783535
1663534
1661836
1673530
1666409
1666409
1661366
1661366
1661366
1661366
1658933
1652583
1652424
1652424
1652424
1646774
1646774
1646309
1644534
1644258
1644258
1644258
3069314
3065696
3062009
3051685
1642706
1703679
1642460
1766202
3539745
3539745
3678842
3597168
3597168
1729398
10186987
10090726
1641420
1639939
1637661
1637661
1690912
1690912
1690912
1690912
1640116
6869256
6869256
1635522
1634319
5895632
5893716
5983706
1684532
1760161
1753806
1832289
1750479
1749906
1745534
1745534
4815720
4815720
4815720
4815720
4602651
4592468
4592468
4591884
4591884
1634189
1623431
1621538
1701152
1701152
2102214
2102214
2094316
2094316
2094212
1733869
1701152
6517390
1621538
1620663
1620663
1620663
1787457
4114755
1787457
1783867
1781147
1944838
1781147
1766626
1766626
1766626
2649022
2647959
2640162
9924615
9033451
2795376
1766626
1758550
1735506
2667546
2663160
9817579
9817579
8738437
8908510
1742870
1757567
1741789
1805555
1735506
1728945
1862522
1862522
1862522
1862522
1708183
1707483
7595504
1678742
1610348
1599882
1599163
10653442
3264564
3264564
3261223
1588999
1588999
1588999
1586805
1586805
1585676
1670527
1585436
1633784
1581362
1757956
1757956
1580459
1580311
1600258
1586333
9565815
1582285
1578684
1578684
1575735
1573138
1573455
1670967
1571402
1730244
1571402
1571376
1569551
1568109
1689616
1568109
1566648
1564237
1560708
1560708
1560708
1556966
8388409
8362655
8362655
1556632
1551782
1550368
1550368
1547382
1541553
1539050
1759598
1759598
1759598
1755841
1550904
1539967
1539967
3045443
1625898
5086776
4998423
4998423
1532563
1532563
1736440
1531938
1529212
1556792
1727677
1916825
1714360
1556792
1528651
1527779
1527333
1526480
1718105
6472835
1705791
1755827
1755827
1705791
1705115
8848171
8848171
1519105
1517847
1513229
1509758
1568757
1568757
1527113
1502525
8733526
1606974
1600446
1502525
1500054
1500054
9482059
16050045
9482059
9480321
9619187
9686963
8800302
8800302
9002361
1701621
1701621
2720421
1692035
1501461
1650534
1650534
1642396
1636351
1620078
1498841
1498841
1667855
1665197
1653237
1653237
1652045
1684469
1652045
1649581
1498841
1494545
1511846
1494545
1494545
1494545
1493773
1493469
1492791
1682495
1492703
1492703
1490489
1671915
1623040
1623040
1623040
1618856
1615887
1614323
1489884
1489181
1482287
1482287
1482287
1479747
1479747
1479738
1478764
1476574
1474822
1474818
1675569
1474022
1527952
6279215
6278720
1469754
1467930
1466228
1465929
1464091
1717558
1463788
8531302
1463260
9768149
9768149
1463260
1462031
1458908
1455684
1455684
1454194
1454194
1668574
1453932
1452581
1452581
1451504
1451360
4724850
4724850
4724850
10733197
10409734
10409734
10409734
10409734
4414694
4407228
1684208
1684208
1888479
1888479
1657365
1651882
1651882
1496482
1494637
1697552
1695301
1694337
1693727
1596672
1596672
1596672
1667542
1667542
1588509
1610929
1588509
1546134
1546134
1546134
1494573
9982567
9917844
9917844
9917844
10185555
1695042
1686600
1513432
1512109
1576978
1569799
1449932
1548840
1443813
1441968
1440565
1509598
1581325
1440565
1437516
1434185
1432472
1536589
1432472
1430252
1492527
1492527
3847590
3847590
1623062
1528286
1524670
1524670
1520287
1470969
1469720
1466155
2183927
2183927
1418325
7527671
7524506
1414783
1413441
1620445
1888764
1888764
1611529
1606285
1422727
1421905
1549005
1549005
1530557
1530557
1525258
1524226
1520944
1520944
1612021
7152555
1495396
1490475
7100417
5535223
1712854
1712854
1484459
1683406
1680076
1680076
7340192
1680076
1799763
1799763
1783475
1515998
1685690
1515998
1593786
6888377
6881344
6881344
1515998
1515998
1515998
1448497
1553831
1405860
1405860
